{"level":"info","message":"HellowLogger","service":"app.js"}
{"level":"info","message":"HellowLogger","service":"app.js"}
{"level":"info","message":"HellowLogger","service":"app.js"}
{"level":"error","message":"error Esto es un error","service":"app.js"}
{"level":"info","message":"HellowLogger","service":"app.js","timestamp":"2024-05-08T02:21:42.579Z"}
{"level":"error","message":"error Esto es un error","service":"app.js","timestamp":"2024-05-08T02:21:42.582Z"}
{"level":"info","message":"funciona correctamente","service":"app.js","timestamp":"2024-05-08T17:20:49.307Z"}
{"level":"error","message":"error Esto es un error","service":"app.js","timestamp":"2024-05-08T17:20:49.309Z"}
{"level":"info","message":"funciona correctamente","service":"app.js","timestamp":"2024-05-08T17:29:46.507Z"}
{"level":"error","message":"error Esto es un error","service":"app.js","timestamp":"2024-05-08T17:29:46.510Z"}
{"level":"info","message":"funciona correctamente","service":"app.js","timestamp":"2024-05-08T17:31:08.641Z"}
{"level":"error","message":"error Esto es un error","service":"app.js","timestamp":"2024-05-08T17:31:08.672Z"}
{"level":"info","message":"funciona correctamente","service":"app.js","timestamp":"2024-05-08T17:33:12.008Z"}
{"level":"error","message":"error Esto es un error","service":"app.js","timestamp":"2024-05-08T17:33:12.011Z"}
{"level":"info","message":"funciona correctamente","service":"app.js","timestamp":"2024-05-08T17:33:52.125Z"}
{"level":"error","message":"error Esto es un error","service":"app.js","timestamp":"2024-05-08T17:33:52.129Z"}
{"level":"info","message":"funciona correctamente","service":"app.js","timestamp":"2024-05-08T17:36:16.474Z"}
{"level":"error","message":"error Esto es un error","service":"app.js","timestamp":"2024-05-08T17:36:16.477Z"}
{"level":"info","message":"funciona correctamente","service":"app.js","timestamp":"2024-05-08T17:36:42.341Z"}
{"level":"error","message":"error Esto es un error","service":"app.js","timestamp":"2024-05-08T17:36:42.343Z"}
{"level":"info","message":"funciona correctamente","service":"app.js","timestamp":"2024-05-08T17:39:34.067Z"}
{"level":"error","message":"error Esto es un error","service":"app.js","timestamp":"2024-05-08T17:39:34.071Z"}
{"level":"info","message":"funciona correctamente","service":"app.js","timestamp":"2024-05-08T17:40:10.593Z"}
{"level":"error","message":"error Esto es un error","service":"app.js","timestamp":"2024-05-08T17:40:10.596Z"}
{"level":"info","message":"funciona correctamente","service":"app.js","timestamp":"2024-05-08T17:40:51.522Z"}
{"level":"error","message":"error Esto es un error","service":"app.js","timestamp":"2024-05-08T17:40:51.525Z"}
{"level":"info","message":"funciona correctamente","service":"app.js","timestamp":"2024-05-08T17:44:38.172Z"}
{"level":"error","message":"error Esto es un error","service":"app.js","timestamp":"2024-05-08T17:44:38.176Z"}
{"level":"info","message":"funciona correctamente","service":"app.js","timestamp":"2024-05-08T17:49:06.851Z"}
{"level":"error","message":"error Esto es un error","service":"app.js","timestamp":"2024-05-08T17:49:06.853Z"}
{"level":"info","message":"funciona correctamente","service":"app.js","timestamp":"2024-05-08T17:49:13.088Z"}
{"level":"error","message":"error Esto es un error","service":"app.js","timestamp":"2024-05-08T17:49:13.090Z"}
{"level":"info","message":"funciona correctamente","service":"app.js","timestamp":"2024-05-08T17:51:51.908Z"}
{"level":"error","message":"error Esto es un error","service":"app.js","timestamp":"2024-05-08T17:51:51.910Z"}
{"level":"info","message":"funciona correctamente","service":"app.js","timestamp":"2024-05-08T17:52:00.589Z"}
{"level":"error","message":"error Esto es un error","service":"app.js","timestamp":"2024-05-08T17:52:00.595Z"}
{"level":"info","message":"funciona correctamente","service":"app.js","timestamp":"2024-05-08T17:52:57.355Z"}
{"level":"error","message":"error Esto es un error","service":"app.js","timestamp":"2024-05-08T17:52:57.357Z"}
{"level":"info","message":"funciona correctamente","service":"app.js","timestamp":"2024-05-08T17:57:28.875Z"}
{"level":"error","message":"error Esto es un error","service":"app.js","timestamp":"2024-05-08T17:57:28.877Z"}
{"level":"info","message":"funciona correctamente","service":"app.js","timestamp":"2024-05-08T17:57:57.860Z"}
{"level":"error","message":"error Esto es un error","service":"app.js","timestamp":"2024-05-08T17:57:57.862Z"}
{"level":"info","message":"funciona correctamente","service":"app.js","timestamp":"2024-05-08T18:01:03.202Z"}
{"level":"error","message":"error Esto es un error","service":"app.js","timestamp":"2024-05-08T18:01:03.204Z"}
{"level":"info","message":"funciona correctamente","service":"app.js","timestamp":"2024-05-08T18:04:33.759Z"}
{"level":"error","message":"error Esto es un error","service":"app.js","timestamp":"2024-05-08T18:04:33.761Z"}
{"level":"info","message":"funciona correctamente","service":"app.js","timestamp":"2024-05-08T18:05:14.722Z"}
{"level":"error","message":"error Esto es un error","service":"app.js","timestamp":"2024-05-08T18:05:14.725Z"}
{"level":"info","message":"funciona correctamente","service":"app.js","timestamp":"2024-05-08T18:05:21.343Z"}
{"level":"error","message":"error Esto es un error","service":"app.js","timestamp":"2024-05-08T18:05:21.345Z"}
{"level":"info","message":"funciona correctamente","service":"app.js","timestamp":"2024-05-08T18:06:18.471Z"}
{"level":"error","message":"error Esto es un error","service":"app.js","timestamp":"2024-05-08T18:06:18.473Z"}
{"level":"info","message":"funciona correctamente","service":"app.js","timestamp":"2024-05-08T18:07:43.401Z"}
{"level":"error","message":"error Esto es un error","service":"app.js","timestamp":"2024-05-08T18:07:43.403Z"}
{"level":"info","message":"funciona correctamente","service":"app.js","timestamp":"2024-05-08T18:10:19.964Z"}
{"level":"error","message":"error Esto es un error","service":"app.js","timestamp":"2024-05-08T18:10:19.966Z"}
{"level":"info","message":"funciona correctamente","service":"app.js","timestamp":"2024-05-08T18:10:31.427Z"}
{"level":"error","message":"error Esto es un error","service":"app.js","timestamp":"2024-05-08T18:10:31.430Z"}
{"level":"info","message":"funciona correctamente","service":"app.js","timestamp":"2024-05-08T18:11:19.668Z"}
{"level":"error","message":"error Esto es un error","service":"app.js","timestamp":"2024-05-08T18:11:19.670Z"}
